<?xml version="1.0" encoding="UTF-8"?>
<process type="RuleFlow" name="workflow" id="workflow"
  package-name="org.openengsb">
  <nodes>
    <start id="1" name="Start" />
    <actionNode id="2" name="nullMethod">
      <action type="expression" dialect="java"> location.nullMethod()
      </action>
    </actionNode>
    <actionNode id="3" name="nullMethod">
      <action type="expression" dialect="java"> location.nullMethod()
      </action>
    </actionNode>
    <eventNode id="4" name="NullEvent">
      <eventFilters>
        <eventFilter type="eventType" eventType="NullEvent" />
      </eventFilters>
    </eventNode>
    <actionNode id="5" name="nullMethod">
      <action type="expression" dialect="java"> location.nullMethod()
      </action>
    </actionNode>
    <end id="6" name="End" />
  </nodes>
  <connections>
    <connection from="1" to="2" />
    <connection from="2" to="3" />
    <connection from="2" to="4" />
    <connection from="4" to="5" />
    <connection from="3" to="6" />
    <connection from="5" to="6" />
  </connections>
</process>