<?xml version="1.0" encoding="UTF-8" standalone="no"?>
<!--

    Licensed to the Austrian Association for Software Tool Integration (AASTI)
    under one or more contributor license agreements. See the NOTICE file
    distributed with this work for additional information regarding copyright
    ownership. The AASTI licenses this file to you under the Apache License,
    Version 2.0 (the "License"); you may not use this file except in compliance
    with the License. You may obtain a copy of the License at

        http://www.apache.org/licenses/LICENSE-2.0

    Unless required by applicable law or agreed to in writing, software
    distributed under the License is distributed on an "AS IS" BASIS,
    WITHOUT WARRANTIES OR CONDITIONS OF ANY KIND, either express or implied.
    See the License for the specific language governing permissions and
    limitations under the License.

-->

<beans xmlns="http://www.springframework.org/schema/beans" xmlns:drools="http://www.openengsb.org/domain/drools/1.0"
  xmlns:sm="http://servicemix.apache.org/config/1.0" xmlns:logging="urn:openengsb:logging" xmlns:test="urn:test"
  xmlns:xsi="http://www.w3.org/2001/XMLSchema-instance"
  xsi:schemaLocation="http://www.springframework.org/schema/beans http://www.springframework.org/schema/beans/spring-beans-2.5.xsd">

  <bean id="username" class="java.lang.String">
    <description>
      Also used for direct injection to the UseTest-class
    </description>
    <constructor-arg value="OpenEngSBTest" />
  </bean>

  <bean id="twitterFactory" class="twitter4j.TwitterFactory" />

  <bean id="twitter" factory-bean="twitterFactory" factory-method="getInstance">
    <constructor-arg index="0" ref="username" />
    <constructor-arg index="1" value="tsetbsgnenepo" />
  </bean>

  <bean id="ourTwitter" class="org.openengsb.twitter.common.Twitter4JTwitterConnector">
    <property name="twitter" ref="twitter" />
  </bean>
  
  <bean id="zipUtil" class="org.openengsb.twitter.common.util.ZipUtil" />
  
  <bean id="urlShortener" class="org.openengsb.twitter.common.util.UrlShortenerUtil" />

</beans>
