<?xml version="1.0" encoding="UTF-8" standalone="no"?>
<!--

    Copyright 2010 OpenEngSB Division, Vienna University of Technology

    Licensed under the Apache License, Version 2.0 (the "License");
    you may not use this file except in compliance with the License.
    You may obtain a copy of the License at

      http://www.apache.org/licenses/LICENSE-2.0

    Unless required by applicable law or agreed to in writing, software
    distributed under the License is distributed on an "AS IS" BASIS,
    WITHOUT WARRANTIES OR CONDITIONS OF ANY KIND, either express or implied.
    See the License for the specific language governing permissions and
    limitations under the License.

-->

<beans xmlns="http://www.springframework.org/schema/beans" xmlns:drools="http://www.openengsb.org/domain/drools/1.0"
  xmlns:sm="http://servicemix.apache.org/config/1.0" xmlns:logging="urn:openengsb:logging" xmlns:test="urn:test"
  xmlns:xsi="http://www.w3.org/2001/XMLSchema-instance"
  xsi:schemaLocation="http://www.springframework.org/schema/beans http://www.springframework.org/schema/beans/spring-beans-2.5.xsd">

  <bean id="hostname" class="java.lang.String">
    <description>
      Also used for direct injection to the UseTest-class
    </description>
    <constructor-arg value="localhost" />
  </bean>

  <bean id="username" class="java.lang.String">
    <description>
      Also used for direct injection to the UseTest-class
    </description>
    <constructor-arg value="anonymous" />
  </bean>
  
  <bean id="password" class="java.lang.String">
    <description>
      Also used for direct injection to the UseTest-class
    </description>
    <constructor-arg value="" />
  </bean>

  <bean id="fileUpload" class="org.openengsb.core.util.FTPFileUpload">
    <property name="hostname" ref="hostname" />
    <property name="username" ref="username" />
    <property name="password" ref="password" />
  </bean>

</beans>
